12:03:11.181 2026/03/05 [mdump,ERROR] [midas.cxx:2199:cm_set_experiment_local,ERROR] Experiment "10" not found in exptab file "MIDAS_DIR"
12:03:55.029 2026/03/05 [mdump,ERROR] [midas.cxx:2199:cm_set_experiment_local,ERROR] Experiment "10" not found in exptab file "MIDAS_DIR"
12:04:42.721 2026/03/05 [mdump,ERROR] [midas.cxx:2199:cm_set_experiment_local,ERROR] Experiment "10" not found in exptab file "MIDAS_DIR"
12:09:47.324 2026/03/05 [mdump,ERROR] [midas.cxx:2199:cm_set_experiment_local,ERROR] Experiment "10" not found in exptab file "MIDAS_DIR"
12:13:36.450 2026/03/05 [mdump,ERROR] [midas.cxx:1644:cm_read_exptab,ERROR] Experiments that use MIDAS_DIR must also set MIDAS_EXPT_NAME to the name of the experiment! Using experiment name "Default"
12:13:36.451 2026/03/05 [mdump,ERROR] [midas.cxx:2199:cm_set_experiment_local,ERROR] Experiment "10" not found in exptab file "MIDAS_DIR"
12:14:28.211 2026/03/05 [ODBEdit,ERROR] [midas.cxx:12625:rpc_server_connect,ERROR] cannot connect to mserver on host "localhost" port 1175: cannot connect to host "localhost" port 1175, errno 111 (Connection refused)
12:18:08.146 2026/03/05 [Logger,ERROR] [midas.cxx:1644:cm_read_exptab,ERROR] Experiments that use MIDAS_DIR must also set MIDAS_EXPT_NAME to the name of the experiment! Using experiment name "Default"
12:18:08.146 2026/03/05 [Logger,ERROR] [midas.cxx:2199:cm_set_experiment_local,ERROR] Experiment "radon" not found in exptab file "MIDAS_DIR"
13:17:42.906 2026/03/05 [Logger,ERROR] [midas.cxx:12639:rpc_server_connect,ERROR] timeout on receive status from server
13:18:01.132 2026/03/05 [RadonBLEFrontend,ERROR] [midas.cxx:12639:rpc_server_connect,ERROR] timeout on receive status from server
13:18:18.983 2026/03/05 [Logger,ERROR] [midas.cxx:12639:rpc_server_connect,ERROR] timeout on receive status from server
13:35:19.274 2026/03/05 [mserver,ERROR] [midas.cxx:1644:cm_read_exptab,ERROR] Experiments that use MIDAS_DIR must also set MIDAS_EXPT_NAME to the name of the experiment! Using experiment name "Default"
13:35:19.274 2026/03/05 [mserver,ERROR] [midas.cxx:2199:cm_set_experiment_local,ERROR] Experiment "radon" not found in exptab file "MIDAS_DIR"
13:35:55.298 2026/03/05 [mserver,ERROR] [midas.cxx:1644:cm_read_exptab,ERROR] Experiments that use MIDAS_DIR must also set MIDAS_EXPT_NAME to the name of the experiment! Using experiment name "Default"
13:35:55.299 2026/03/05 [mserver,ERROR] [midas.cxx:2199:cm_set_experiment_local,ERROR] Experiment "radon" not found in exptab file "MIDAS_DIR"
13:41:44.819 2026/03/05 [mserver,ERROR] [midas.cxx:1644:cm_read_exptab,ERROR] Experiments that use MIDAS_DIR must also set MIDAS_EXPT_NAME to the name of the experiment! Using experiment name "Default"
13:41:44.819 2026/03/05 [mserver,ERROR] [midas.cxx:2199:cm_set_experiment_local,ERROR] Experiment "radon" not found in exptab file "MIDAS_DIR"
13:43:43.948 2026/03/05 [mserver,ERROR] [midas.cxx:1644:cm_read_exptab,ERROR] Experiments that use MIDAS_DIR must also set MIDAS_EXPT_NAME to the name of the experiment! Using experiment name "Default"
13:43:43.948 2026/03/05 [mserver,ERROR] [midas.cxx:2199:cm_set_experiment_local,ERROR] Experiment "radon" not found in exptab file "MIDAS_DIR"
13:44:11.691 2026/03/05 [mserver,ERROR] [midas.cxx:1644:cm_read_exptab,ERROR] Experiments that use MIDAS_DIR must also set MIDAS_EXPT_NAME to the name of the experiment! Using experiment name "Default"
13:44:11.692 2026/03/05 [mserver,ERROR] [midas.cxx:2199:cm_set_experiment_local,ERROR] Experiment "radon" not found in exptab file "MIDAS_DIR"
14:13:24.594 2026/03/05 [Logger,ERROR] [midas.cxx:12625:rpc_server_connect,ERROR] cannot connect to mserver on host "localhost" port 1175: cannot connect to host "localhost" port 1175, errno 111 (Connection refused)
14:13:35.787 2026/03/05 [ODBEdit,ERROR] [midas.cxx:12625:rpc_server_connect,ERROR] cannot connect to mserver on host "localhost" port 1175: cannot connect to host "localhost" port 1175, errno 111 (Connection refused)
14:26:22.980 2026/03/05 [Logger,ERROR] [midas.cxx:12625:rpc_server_connect,ERROR] cannot connect to mserver on host "localhost" port 1175: cannot connect to host "localhost" port 1175, errno 111 (Connection refused)
